<?xml version="1.0" encoding="UTF-8"?>
<testng-results skipped="0" failed="0" ignored="0" total="1" passed="1">
  <reporter-output>
  </reporter-output>
  <suite name="Default suite" duration-ms="1123" started-at="2019-06-18T23:01:55Z" finished-at="2019-06-18T23:01:57Z">
    <groups>
    </groups>
    <test name="Default test" duration-ms="1123" started-at="2019-06-18T23:01:55Z" finished-at="2019-06-18T23:01:57Z">
      <class name="com.syntax.practice.ExcelWriteDemo">
        <test-method status="PASS" signature="writeExcel()[pri:0, instance:com.syntax.practice.ExcelWriteDemo@523884b2]" name="writeExcel" duration-ms="1083" started-at="2019-06-18T23:01:55Z" finished-at="2019-06-18T23:01:57Z">
          <reporter-output>
          </reporter-output>
        </test-method> <!-- writeExcel -->
      </class> <!-- com.syntax.practice.ExcelWriteDemo -->
    </test> <!-- Default test -->
  </suite> <!-- Default suite -->
</testng-results>
