<?xml version="1.0" encoding="UTF-8"?>
<!-- Generated by org.testng.reporters.JUnitXMLReporter -->
<testsuite hostname="Sumairs-MacBook-Pro.local" ignored="3" name="Smoke Test" tests="2" failures="0" timestamp="13 Jun 2019 19:54:48 GMT" time="7.006" errors="0">
  <testcase name="doLogin" time="1.981" classname="com.syntax.testcases.LoginPageTest"/>
  <testcase name="negativeLogin" time="1.389" classname="com.syntax.testcases.LoginPageTest"/>
  <testcase name="addEmployee" time="0.0" classname="com.syntax.testcases.AddEmployeePageTest">
    <ignored/>
  </testcase> <!-- addEmployee -->
  <testcase name="addEmployeeLogin" time="0.0" classname="com.syntax.testcases.AddEmployeePageTest">
    <ignored/>
  </testcase> <!-- addEmployeeLogin -->
  <testcase name="loginToOrangeHRM" time="0.0" classname="com.syntax.testcases.LoginPageTest">
    <ignored/>
  </testcase> <!-- loginToOrangeHRM -->
</testsuite> <!-- Smoke Test -->
