<?xml version="1.0" encoding="UTF-8"?>
<!-- Generated by org.testng.reporters.JUnitXMLReporter -->
<testsuite hostname="Sumairs-MacBook-Pro.local" ignored="0" name="Test" tests="3" failures="1" timestamp="11 Jun 2019 22:05:31 GMT" time="6.491" errors="0">
  <testcase name="testOne" time="0.554" classname="com.class05.test"/>
  <testcase name="testThree" time="0.002" classname="com.class05.test"/>
  <testcase name="testTwo" time="0.002" classname="com.class05.test">
    <failure type="java.lang.AssertionError" message="expected:&amp;lt;true&amp;gt; but was:&amp;lt;false&amp;gt;">
      <![CDATA[java.lang.AssertionError: expected:<true> but was:<false>
at com.class05.test.testTwo(test.java:21)
... Removed 30 stack frames]]>
    </failure>
  </testcase> <!-- testTwo -->
</testsuite> <!-- Test -->
