<?xml version="1.0" encoding="UTF-8"?>
<!-- Generated by org.testng.reporters.JUnitXMLReporter -->
<testsuite hostname="DESKTOP-3S6F6G8" ignored="0" name="Test" tests="1" failures="1" timestamp="13 Jun 2019 03:51:42 GMT" time="0.032" errors="0">
  <testcase name="TestUsers" time="0.0" classname="Hazirlik.deneme1">
    <failure type="org.testng.TestNGException" message="
Method public void Hazirlik.deneme1.TestUsers(java.lang.String,java.lang.String) requires a @DataProvider named : saucedata">
      <![CDATA[org.testng.TestNGException: 
Method public void Hazirlik.deneme1.TestUsers(java.lang.String,java.lang.String) requires a @DataProvider named : saucedata
... Removed 22 stack frames]]>
    </failure>
  </testcase> <!-- TestUsers -->
</testsuite> <!-- Test -->
